20:49:50 **** Incremental Build of configuration Release for project ClimaControl ****
"C:\\Program Files\\Arduino Eclipse Neon\\arduinoPlugin\\tools\\make\\make" all 
'Building target: ClimaControl'
'Printing size:'
"C:\Program Files\Arduino Eclipse Neon\arduinoPlugin\tools\arduino\avr-gcc\4.9.2-atmel3.5.3-arduino2/bin/avr-size" -A "D:/Arduino/ClimaControl/Release/ClimaControl.elf"
D:/Arduino/ClimaControl/Release/ClimaControl.elf  :
section                     size      addr
.data                        470   8389120
.text                      29938         0
.bss                        1349   8389590
.comment                      17         0
.note.gnu.avr.deviceinfo      64         0
.debug_info                 3004         0
.debug_abbrev               2842         0
.debug_line                   26         0
.debug_str                   998         0
Total                      38708


'Finished building target: ClimaControl'
' '

20:49:51 Build Finished (took 563ms)

