20:43:52 **** Incremental Build of configuration Release for project SdFormatter ****
"C:\\Program Files\\Arduino Eclipse Neon\\arduinoPlugin\\tools\\make\\make" all 
'Building target: SdFormatter'
'Printing size:'
"C:\Program Files\Arduino Eclipse Neon\arduinoPlugin\tools\arduino\avr-gcc\4.9.2-atmel3.5.3-arduino2/bin/avr-size" -A "D:/Arduino/SdFormatter/Release/SdFormatter.elf"
D:/Arduino/SdFormatter/Release/SdFormatter.elf  :
section                     size      addr
.data                         74   8389120
.text                      11826         0
.bss                         730   8389194
.comment                      17         0
.note.gnu.avr.deviceinfo      64         0
.debug_info                 3004         0
.debug_abbrev               2842         0
.debug_line                   26         0
.debug_str                   998         0
Total                      19581


'Finished building target: SdFormatter'
' '

20:43:52 Build Finished (took 520ms)

